<?xml version="1.0" encoding="UTF-8"?>
<!-- Generated by org.testng.reporters.JUnitReportReporter -->
<testsuite hostname="Irenes-MacBook-Air.local" failures="0" tests="4" name="GoRestAPITest" time="2.040" errors="0" timestamp="2025-02-17T00:35:16 WIB" skipped="0">
  <testcase classname="GoRestAPITest" name="testCreateUser" time="0.927"/>
  <testcase classname="GoRestAPITest" name="testGetUser" time="0.412"/>
  <testcase classname="GoRestAPITest" name="testUpdateUser" time="0.337"/>
  <testcase classname="GoRestAPITest" name="testDeleteUser" time="0.364"/>
</testsuite> <!-- GoRestAPITest -->
